  Source.cpp
D:\учьоба\2 курс\комп графіка\lab 3 tochki\lab 3\Source.cpp(13,16): warning C4305: 'initializing': truncation from 'double' to 'float'
D:\учьоба\2 курс\комп графіка\lab 3 tochki\lab 3\Source.cpp(13,27): warning C4305: 'initializing': truncation from 'double' to 'float'
D:\учьоба\2 курс\комп графіка\lab 3 tochki\lab 3\Source.cpp(13,38): warning C4305: 'initializing': truncation from 'double' to 'float'
D:\учьоба\2 курс\комп графіка\lab 3 tochki\lab 3\Source.cpp(13,49): warning C4305: 'initializing': truncation from 'double' to 'float'
D:\учьоба\2 курс\комп графіка\lab 3 tochki\lab 3\Source.cpp(14,10): warning C4244: 'initializing': conversion from 'double' to 'float', possible loss of data
D:\учьоба\2 курс\комп графіка\lab 3 tochki\lab 3\Source.cpp(16,24): warning C4305: 'argument': truncation from 'double' to 'GLfloat'
D:\учьоба\2 курс\комп графіка\lab 3 tochki\lab 3\Source.cpp(20,19): warning C4244: '=': conversion from 'double' to 'float', possible loss of data
D:\учьоба\2 курс\комп графіка\lab 3 tochki\lab 3\Source.cpp(21,19): warning C4244: '=': conversion from 'double' to 'float', possible loss of data
D:\учьоба\2 курс\комп графіка\lab 3 tochki\lab 3\Source.cpp(22,27): warning C4244: 'argument': conversion from 'double' to 'GLfloat', possible loss of data
D:\учьоба\2 курс\комп графіка\lab 3 tochki\lab 3\Source.cpp(22,17): warning C4244: 'argument': conversion from 'double' to 'GLfloat', possible loss of data
D:\учьоба\2 курс\комп графіка\lab 3 tochki\lab 3\Source.cpp(24,19): warning C4244: '=': conversion from 'double' to 'float', possible loss of data
D:\учьоба\2 курс\комп графіка\lab 3 tochki\lab 3\Source.cpp(25,19): warning C4244: '=': conversion from 'double' to 'float', possible loss of data
D:\учьоба\2 курс\комп графіка\lab 3 tochki\lab 3\Source.cpp(26,27): warning C4244: 'argument': conversion from 'double' to 'GLfloat', possible loss of data
D:\учьоба\2 курс\комп графіка\lab 3 tochki\lab 3\Source.cpp(26,17): warning C4244: 'argument': conversion from 'double' to 'GLfloat', possible loss of data
D:\учьоба\2 курс\комп графіка\lab 3 tochki\lab 3\Source.cpp(28,19): warning C4244: '=': conversion from 'double' to 'float', possible loss of data
D:\учьоба\2 курс\комп графіка\lab 3 tochki\lab 3\Source.cpp(29,19): warning C4244: '=': conversion from 'double' to 'float', possible loss of data
D:\учьоба\2 курс\комп графіка\lab 3 tochki\lab 3\Source.cpp(30,27): warning C4244: 'argument': conversion from 'double' to 'GLfloat', possible loss of data
D:\учьоба\2 курс\комп графіка\lab 3 tochki\lab 3\Source.cpp(30,17): warning C4244: 'argument': conversion from 'double' to 'GLfloat', possible loss of data
D:\учьоба\2 курс\комп графіка\lab 3 tochki\lab 3\Source.cpp(11,26): warning C4101: 'y3': unreferenced local variable
D:\учьоба\2 курс\комп графіка\lab 3 tochki\lab 3\Source.cpp(11,11): warning C4101: 'y': unreferenced local variable
D:\учьоба\2 курс\комп графіка\lab 3 tochki\lab 3\Source.cpp(11,22): warning C4101: 'x3': unreferenced local variable
D:\учьоба\2 курс\комп графіка\lab 3 tochki\lab 3\Source.cpp(11,8): warning C4101: 'x': unreferenced local variable
D:\учьоба\2 курс\комп графіка\lab 3 tochki\lab 3\Source.cpp(77,30): warning C4305: 'argument': truncation from 'double' to 'GLfloat'
  lab 3.vcxproj -> D:\учьоба\2 курс\комп графіка\lab 3 tochki\x64\Debug\lab 3.exe
